2023-01-02 22:33:17.469  INFO 19524 --- [main] c.B.MyTravel.MyTravelApplication         : Starting MyTravelApplication using Java 18.0.2.1 on TEO with PID 19524 (D:\CODE\Java\BE.TravelApp\MyTravel\target\classes started by buihu in D:\CODE\Java\BE.TravelApp\MyTravel)
2023-01-02 22:33:17.476  INFO 19524 --- [main] c.B.MyTravel.MyTravelApplication         : No active profile set, falling back to 1 default profile: "default"
2023-01-02 22:33:18.509  INFO 19524 --- [main] .s.d.r.c.RepositoryConfigurationDelegate : Bootstrapping Spring Data JDBC repositories in DEFAULT mode.
2023-01-02 22:33:18.576  INFO 19524 --- [main] .s.d.r.c.RepositoryConfigurationDelegate : Finished Spring Data repository scanning in 63 ms. Found 1 JDBC repository interfaces.
2023-01-02 22:33:19.310  INFO 19524 --- [main] o.s.b.w.embedded.tomcat.TomcatWebServer  : Tomcat initialized with port(s): 8080 (http)
2023-01-02 22:33:19.321  INFO 19524 --- [main] o.apache.catalina.core.StandardService   : Starting service [Tomcat]
2023-01-02 22:33:19.322  INFO 19524 --- [main] org.apache.catalina.core.StandardEngine  : Starting Servlet engine: [Apache Tomcat/9.0.68]
2023-01-02 22:33:19.498  INFO 19524 --- [main] o.a.c.c.C.[Tomcat].[localhost].[/]       : Initializing Spring embedded WebApplicationContext
2023-01-02 22:33:19.498  INFO 19524 --- [main] w.s.c.ServletWebServerApplicationContext : Root WebApplicationContext: initialization completed in 1967 ms
2023-01-02 22:33:19.860  INFO 19524 --- [main] com.zaxxer.hikari.HikariDataSource       : HikariPool-1 - Starting...
2023-01-02 22:33:20.252  INFO 19524 --- [main] com.zaxxer.hikari.HikariDataSource       : HikariPool-1 - Start completed.
2023-01-02 22:33:20.346  WARN 19524 --- [main] o.s.data.convert.CustomConversions       : Registering converter from class microsoft.sql.DateTimeOffset to class java.time.OffsetDateTime as reading converter although it doesn't convert from a store-supported type; You might want to check your annotation setup at the converter implementation
2023-01-02 22:33:20.910  INFO 19524 --- [main] o.s.s.web.DefaultSecurityFilterChain     : Will secure any request with [org.springframework.security.web.session.DisableEncodeUrlFilter@70f85235, org.springframework.security.web.context.request.async.WebAsyncManagerIntegrationFilter@3d6778d5, org.springframework.security.web.context.SecurityContextPersistenceFilter@915d7c4, org.springframework.security.web.header.HeaderWriterFilter@7254838, org.springframework.web.filter.CorsFilter@a84338a, com.BuiHuuThong.MyTravel.component.ApiRequestLoggingFilter@69ffdaa8, com.BuiHuuThong.MyTravel.authentication.FirebaseAuthenticationFilter@72eed547, org.springframework.security.web.savedrequest.RequestCacheAwareFilter@6313b441, org.springframework.security.web.servletapi.SecurityContextHolderAwareRequestFilter@47fa3671, org.springframework.security.web.authentication.AnonymousAuthenticationFilter@4070ace9, org.springframework.security.web.session.SessionManagementFilter@2e204155, org.springframework.security.web.access.ExceptionTranslationFilter@2987d0fa, org.springframework.security.web.access.intercept.FilterSecurityInterceptor@5ca22e19]
2023-01-02 22:33:22.334  INFO 19524 --- [main] o.s.b.w.embedded.tomcat.TomcatWebServer  : Tomcat started on port(s): 8080 (http) with context path ''
2023-01-02 22:33:22.343  INFO 19524 --- [main] c.B.MyTravel.MyTravelApplication         : Started MyTravelApplication in 5.295 seconds (JVM running for 6.06)
2023-01-02 22:33:26.673  INFO 19524 --- [http-nio-8080-exec-1] o.a.c.c.C.[Tomcat].[localhost].[/]       : Initializing Spring DispatcherServlet 'dispatcherServlet'
2023-01-02 22:33:26.673  INFO 19524 --- [http-nio-8080-exec-1] o.s.web.servlet.DispatcherServlet        : Initializing Servlet 'dispatcherServlet'
2023-01-02 22:33:26.674  INFO 19524 --- [http-nio-8080-exec-1] o.s.web.servlet.DispatcherServlet        : Completed initialization in 1 ms
2023-01-02 22:33:26.694  INFO 19524 --- [http-nio-8080-exec-1] c.B.M.component.ApiRequestLoggingFilter  : GET /swagger-ui/swagger-initializer.js
2023-01-02 22:33:26.832  INFO 19524 --- [http-nio-8080-exec-2] c.B.M.component.ApiRequestLoggingFilter  : GET /v3/api-docs/swagger-config
2023-01-02 22:33:26.945  INFO 19524 --- [http-nio-8080-exec-3] c.B.M.component.ApiRequestLoggingFilter  : GET /v3/api-docs/all
2023-01-02 22:33:27.140  INFO 19524 --- [http-nio-8080-exec-3] o.springdoc.api.AbstractOpenApiResource  : Init duration for springdoc-openapi is: 176 ms
2023-01-02 22:33:31.304  INFO 19524 --- [http-nio-8080-exec-4] c.B.M.component.ApiRequestLoggingFilter  : GET /api/users
2023-01-02 22:33:54.896  INFO 19524 --- [SpringApplicationShutdownHook] com.zaxxer.hikari.HikariDataSource       : HikariPool-1 - Shutdown initiated...
2023-01-02 22:33:54.899  INFO 19524 --- [SpringApplicationShutdownHook] com.zaxxer.hikari.HikariDataSource       : HikariPool-1 - Shutdown completed.
